2020-09-21 20:17:04,079 INFO [main] o.h.j.i.u.LogHelper [LogHelper.java:31] HHH000204: Processing PersistenceUnitInfo [name: PERSISTENCE]
2020-09-21 20:17:04,191 INFO [main] o.h.Version [Version.java:46] HHH000412: Hibernate Core {5.4.1.Final}
2020-09-21 20:17:04,489 INFO [main] o.h.a.c.Version [JavaReflectionManager.java:49] HCANN000001: Hibernate Commons Annotations {5.1.0.Final}
2020-09-21 20:17:05,144 WARN [main] o.h.o.c.pooling [DriverManagerConnectionProviderImpl.java:72] HHH10001002: Using Hibernate built-in connection pool (not for production use!)
2020-09-21 20:17:05,266 INFO [main] o.h.o.c.pooling [DriverManagerConnectionProviderImpl.java:115] HHH10001005: using driver [com.microsoft.sqlserver.jdbc.SQLServerDriver] at URL [jdbc:sqlserver://localhost;databaseName=sacchon2]
2020-09-21 20:17:05,268 INFO [main] o.h.o.c.pooling [DriverManagerConnectionProviderImpl.java:124] HHH10001001: Connection properties: {password=****, user=sa}
2020-09-21 20:17:05,268 INFO [main] o.h.o.c.pooling [DriverManagerConnectionProviderImpl.java:129] HHH10001003: Autocommit mode: false
2020-09-21 20:17:05,273 INFO [main] o.h.e.j.c.i.DriverManagerConnectionProviderImpl [DriverManagerConnectionProviderImpl.java:239] HHH000115: Hibernate connection pool size: 20 (min=1)
2020-09-21 20:17:05,617 INFO [main] o.h.d.Dialect [Dialect.java:158] HHH000400: Using dialect: org.hibernate.dialect.SQLServer2012Dialect
2020-09-21 20:17:07,089 INFO [main] o.h.o.c.access [DdlTransactionIsolatorNonJtaImpl.java:47] HHH10001501: Connection obtained from JdbcConnectionAccess [org.hibernate.engine.jdbc.env.internal.JdbcEnvironmentInitiator$ConnectionProviderJdbcConnectionAccess@1536ea40] for (non-JTA) DDL execution was not in auto-commit mode; the Connection 'local transaction' will be committed and the Connection will be set into auto-commit mode.
2020-09-21 20:17:07,349 INFO [main] o.h.e.t.j.p.i.JtaPlatformInitiator [JtaPlatformInitiator.java:52] HHH000490: Using JtaPlatform implementation: [org.hibernate.engine.transaction.jta.platform.internal.NoJtaPlatform]
2020-09-21 20:17:07,523 INFO [main] o.e.j.u.log [Log.java:193] Logging initialized @4713ms to org.eclipse.jetty.util.log.Slf4jLog
2020-09-21 20:17:07,597 INFO [main] o.e.j.s.Server [Server.java:374] jetty-9.4.11.v20180605; built: 2018-06-05T18:24:03.829Z; git: d5fc0523cfa96bfebfbda19606cad384d772f04c; jvm 11.0.8+10-LTS
2020-09-21 20:17:07,650 INFO [main] o.e.j.s.AbstractConnector [AbstractConnector.java:289] Started ServerConnector@60dc1a4e{HTTP/1.1,[http/1.1]}{0.0.0.0:9000}
2020-09-21 20:17:07,650 INFO [main] o.e.j.s.Server [Server.java:411] Started @4840ms
2020-09-21 20:44:49,227 INFO [main] o.h.j.i.u.LogHelper [LogHelper.java:31] HHH000204: Processing PersistenceUnitInfo [name: PERSISTENCE]
2020-09-21 20:44:49,324 INFO [main] o.h.Version [Version.java:46] HHH000412: Hibernate Core {5.4.1.Final}
2020-09-21 20:44:49,646 INFO [main] o.h.a.c.Version [JavaReflectionManager.java:49] HCANN000001: Hibernate Commons Annotations {5.1.0.Final}
2020-09-21 20:44:50,242 WARN [main] o.h.o.c.pooling [DriverManagerConnectionProviderImpl.java:72] HHH10001002: Using Hibernate built-in connection pool (not for production use!)
2020-09-21 20:44:50,368 INFO [main] o.h.o.c.pooling [DriverManagerConnectionProviderImpl.java:115] HHH10001005: using driver [com.microsoft.sqlserver.jdbc.SQLServerDriver] at URL [jdbc:sqlserver://localhost;databaseName=sacchon2]
2020-09-21 20:44:50,369 INFO [main] o.h.o.c.pooling [DriverManagerConnectionProviderImpl.java:124] HHH10001001: Connection properties: {password=****, user=sa}
2020-09-21 20:44:50,370 INFO [main] o.h.o.c.pooling [DriverManagerConnectionProviderImpl.java:129] HHH10001003: Autocommit mode: false
2020-09-21 20:44:50,376 INFO [main] o.h.e.j.c.i.DriverManagerConnectionProviderImpl [DriverManagerConnectionProviderImpl.java:239] HHH000115: Hibernate connection pool size: 20 (min=1)
2020-09-21 20:44:50,740 INFO [main] o.h.d.Dialect [Dialect.java:158] HHH000400: Using dialect: org.hibernate.dialect.SQLServer2012Dialect
2020-09-21 20:44:52,000 INFO [main] o.h.o.c.access [DdlTransactionIsolatorNonJtaImpl.java:47] HHH10001501: Connection obtained from JdbcConnectionAccess [org.hibernate.engine.jdbc.env.internal.JdbcEnvironmentInitiator$ConnectionProviderJdbcConnectionAccess@40709f9] for (non-JTA) DDL execution was not in auto-commit mode; the Connection 'local transaction' will be committed and the Connection will be set into auto-commit mode.
2020-09-21 20:44:52,254 INFO [main] o.h.e.t.j.p.i.JtaPlatformInitiator [JtaPlatformInitiator.java:52] HHH000490: Using JtaPlatform implementation: [org.hibernate.engine.transaction.jta.platform.internal.NoJtaPlatform]
2020-09-21 20:44:52,400 INFO [main] o.e.j.u.log [Log.java:193] Logging initialized @4299ms to org.eclipse.jetty.util.log.Slf4jLog
2020-09-21 20:44:52,469 INFO [main] o.e.j.s.Server [Server.java:374] jetty-9.4.11.v20180605; built: 2018-06-05T18:24:03.829Z; git: d5fc0523cfa96bfebfbda19606cad384d772f04c; jvm 11.0.8+10-LTS
2020-09-21 20:44:52,519 INFO [main] o.e.j.s.AbstractConnector [AbstractConnector.java:289] Started ServerConnector@13213f26{HTTP/1.1,[http/1.1]}{0.0.0.0:9000}
2020-09-21 20:44:52,520 INFO [main] o.e.j.s.Server [Server.java:411] Started @4419ms
2020-09-21 20:57:49,474 INFO [main] o.h.j.i.u.LogHelper [LogHelper.java:31] HHH000204: Processing PersistenceUnitInfo [name: PERSISTENCE]
2020-09-21 20:57:49,599 INFO [main] o.h.Version [Version.java:46] HHH000412: Hibernate Core {5.4.1.Final}
2020-09-21 20:57:49,956 INFO [main] o.h.a.c.Version [JavaReflectionManager.java:49] HCANN000001: Hibernate Commons Annotations {5.1.0.Final}
2020-09-21 20:57:50,625 WARN [main] o.h.o.c.pooling [DriverManagerConnectionProviderImpl.java:72] HHH10001002: Using Hibernate built-in connection pool (not for production use!)
2020-09-21 20:57:50,759 INFO [main] o.h.o.c.pooling [DriverManagerConnectionProviderImpl.java:115] HHH10001005: using driver [com.microsoft.sqlserver.jdbc.SQLServerDriver] at URL [jdbc:sqlserver://localhost;databaseName=sacchon2]
2020-09-21 20:57:50,760 INFO [main] o.h.o.c.pooling [DriverManagerConnectionProviderImpl.java:124] HHH10001001: Connection properties: {password=****, user=sa}
2020-09-21 20:57:50,761 INFO [main] o.h.o.c.pooling [DriverManagerConnectionProviderImpl.java:129] HHH10001003: Autocommit mode: false
2020-09-21 20:57:50,765 INFO [main] o.h.e.j.c.i.DriverManagerConnectionProviderImpl [DriverManagerConnectionProviderImpl.java:239] HHH000115: Hibernate connection pool size: 20 (min=1)
2020-09-21 20:57:51,204 INFO [main] o.h.d.Dialect [Dialect.java:158] HHH000400: Using dialect: org.hibernate.dialect.SQLServer2012Dialect
2020-09-21 20:57:52,714 INFO [main] o.h.o.c.access [DdlTransactionIsolatorNonJtaImpl.java:47] HHH10001501: Connection obtained from JdbcConnectionAccess [org.hibernate.engine.jdbc.env.internal.JdbcEnvironmentInitiator$ConnectionProviderJdbcConnectionAccess@3e377967] for (non-JTA) DDL execution was not in auto-commit mode; the Connection 'local transaction' will be committed and the Connection will be set into auto-commit mode.
2020-09-21 20:57:52,955 INFO [main] o.h.e.t.j.p.i.JtaPlatformInitiator [JtaPlatformInitiator.java:52] HHH000490: Using JtaPlatform implementation: [org.hibernate.engine.transaction.jta.platform.internal.NoJtaPlatform]
2020-09-21 20:57:53,125 INFO [main] o.e.j.u.log [Log.java:193] Logging initialized @4893ms to org.eclipse.jetty.util.log.Slf4jLog
2020-09-21 20:57:53,192 INFO [main] o.e.j.s.Server [Server.java:374] jetty-9.4.11.v20180605; built: 2018-06-05T18:24:03.829Z; git: d5fc0523cfa96bfebfbda19606cad384d772f04c; jvm 11.0.8+10-LTS
2020-09-21 20:57:53,232 INFO [main] o.e.j.s.AbstractConnector [AbstractConnector.java:289] Started ServerConnector@31b0f02{HTTP/1.1,[http/1.1]}{0.0.0.0:9000}
2020-09-21 20:57:53,233 INFO [main] o.e.j.s.Server [Server.java:411] Started @5002ms
2020-09-21 21:22:39,357 INFO [main] o.h.j.i.u.LogHelper [LogHelper.java:31] HHH000204: Processing PersistenceUnitInfo [name: PERSISTENCE]
2020-09-21 21:22:39,521 INFO [main] o.h.Version [Version.java:46] HHH000412: Hibernate Core {5.4.1.Final}
2020-09-21 21:22:39,944 INFO [main] o.h.a.c.Version [JavaReflectionManager.java:49] HCANN000001: Hibernate Commons Annotations {5.1.0.Final}
2020-09-21 21:22:40,559 WARN [main] o.h.o.c.pooling [DriverManagerConnectionProviderImpl.java:72] HHH10001002: Using Hibernate built-in connection pool (not for production use!)
2020-09-21 21:22:40,716 INFO [main] o.h.o.c.pooling [DriverManagerConnectionProviderImpl.java:115] HHH10001005: using driver [com.microsoft.sqlserver.jdbc.SQLServerDriver] at URL [jdbc:sqlserver://localhost;databaseName=sacchon2]
2020-09-21 21:22:40,717 INFO [main] o.h.o.c.pooling [DriverManagerConnectionProviderImpl.java:124] HHH10001001: Connection properties: {password=****, user=sa}
2020-09-21 21:22:40,717 INFO [main] o.h.o.c.pooling [DriverManagerConnectionProviderImpl.java:129] HHH10001003: Autocommit mode: false
2020-09-21 21:22:40,722 INFO [main] o.h.e.j.c.i.DriverManagerConnectionProviderImpl [DriverManagerConnectionProviderImpl.java:239] HHH000115: Hibernate connection pool size: 20 (min=1)
2020-09-21 21:22:41,148 INFO [main] o.h.d.Dialect [Dialect.java:158] HHH000400: Using dialect: org.hibernate.dialect.SQLServer2012Dialect
2020-09-21 21:22:42,644 INFO [main] o.h.o.c.access [DdlTransactionIsolatorNonJtaImpl.java:47] HHH10001501: Connection obtained from JdbcConnectionAccess [org.hibernate.engine.jdbc.env.internal.JdbcEnvironmentInitiator$ConnectionProviderJdbcConnectionAccess@40709f9] for (non-JTA) DDL execution was not in auto-commit mode; the Connection 'local transaction' will be committed and the Connection will be set into auto-commit mode.
2020-09-21 21:22:42,889 INFO [main] o.h.e.t.j.p.i.JtaPlatformInitiator [JtaPlatformInitiator.java:52] HHH000490: Using JtaPlatform implementation: [org.hibernate.engine.transaction.jta.platform.internal.NoJtaPlatform]
2020-09-21 21:22:43,029 INFO [main] o.e.j.u.log [Log.java:193] Logging initialized @4859ms to org.eclipse.jetty.util.log.Slf4jLog
2020-09-21 21:22:43,092 INFO [main] o.e.j.s.Server [Server.java:374] jetty-9.4.11.v20180605; built: 2018-06-05T18:24:03.829Z; git: d5fc0523cfa96bfebfbda19606cad384d772f04c; jvm 11.0.8+10-LTS
2020-09-21 21:22:43,136 INFO [main] o.e.j.s.AbstractConnector [AbstractConnector.java:289] Started ServerConnector@13213f26{HTTP/1.1,[http/1.1]}{0.0.0.0:9000}
2020-09-21 21:22:43,136 INFO [main] o.e.j.s.Server [Server.java:411] Started @4967ms
2020-09-21 21:26:51,102 INFO [main] o.h.j.i.u.LogHelper [LogHelper.java:31] HHH000204: Processing PersistenceUnitInfo [name: PERSISTENCE]
2020-09-21 21:26:51,197 INFO [main] o.h.Version [Version.java:46] HHH000412: Hibernate Core {5.4.1.Final}
2020-09-21 21:26:51,549 INFO [main] o.h.a.c.Version [JavaReflectionManager.java:49] HCANN000001: Hibernate Commons Annotations {5.1.0.Final}
2020-09-21 21:26:52,298 WARN [main] o.h.o.c.pooling [DriverManagerConnectionProviderImpl.java:72] HHH10001002: Using Hibernate built-in connection pool (not for production use!)
2020-09-21 21:26:52,437 INFO [main] o.h.o.c.pooling [DriverManagerConnectionProviderImpl.java:115] HHH10001005: using driver [com.microsoft.sqlserver.jdbc.SQLServerDriver] at URL [jdbc:sqlserver://localhost;databaseName=sacchon2]
2020-09-21 21:26:52,438 INFO [main] o.h.o.c.pooling [DriverManagerConnectionProviderImpl.java:124] HHH10001001: Connection properties: {password=****, user=sa}
2020-09-21 21:26:52,439 INFO [main] o.h.o.c.pooling [DriverManagerConnectionProviderImpl.java:129] HHH10001003: Autocommit mode: false
2020-09-21 21:26:52,444 INFO [main] o.h.e.j.c.i.DriverManagerConnectionProviderImpl [DriverManagerConnectionProviderImpl.java:239] HHH000115: Hibernate connection pool size: 20 (min=1)
2020-09-21 21:26:52,874 INFO [main] o.h.d.Dialect [Dialect.java:158] HHH000400: Using dialect: org.hibernate.dialect.SQLServer2012Dialect
2020-09-21 21:26:54,364 INFO [main] o.h.o.c.access [DdlTransactionIsolatorNonJtaImpl.java:47] HHH10001501: Connection obtained from JdbcConnectionAccess [org.hibernate.engine.jdbc.env.internal.JdbcEnvironmentInitiator$ConnectionProviderJdbcConnectionAccess@3e39baf0] for (non-JTA) DDL execution was not in auto-commit mode; the Connection 'local transaction' will be committed and the Connection will be set into auto-commit mode.
2020-09-21 21:26:54,611 INFO [main] o.h.e.t.j.p.i.JtaPlatformInitiator [JtaPlatformInitiator.java:52] HHH000490: Using JtaPlatform implementation: [org.hibernate.engine.transaction.jta.platform.internal.NoJtaPlatform]
2020-09-21 21:26:54,763 INFO [main] o.e.j.u.log [Log.java:193] Logging initialized @4868ms to org.eclipse.jetty.util.log.Slf4jLog
2020-09-21 21:26:54,832 INFO [main] o.e.j.s.Server [Server.java:374] jetty-9.4.11.v20180605; built: 2018-06-05T18:24:03.829Z; git: d5fc0523cfa96bfebfbda19606cad384d772f04c; jvm 11.0.8+10-LTS
2020-09-21 21:26:54,893 INFO [main] o.e.j.s.AbstractConnector [AbstractConnector.java:289] Started ServerConnector@619dda34{HTTP/1.1,[http/1.1]}{0.0.0.0:9000}
2020-09-21 21:26:54,894 INFO [main] o.e.j.s.Server [Server.java:411] Started @4999ms
2020-09-21 21:35:17,638 INFO [main] o.h.j.i.u.LogHelper [LogHelper.java:31] HHH000204: Processing PersistenceUnitInfo [name: PERSISTENCE]
2020-09-21 21:35:17,733 INFO [main] o.h.Version [Version.java:46] HHH000412: Hibernate Core {5.4.1.Final}
2020-09-21 21:35:18,040 INFO [main] o.h.a.c.Version [JavaReflectionManager.java:49] HCANN000001: Hibernate Commons Annotations {5.1.0.Final}
2020-09-21 21:35:18,635 WARN [main] o.h.o.c.pooling [DriverManagerConnectionProviderImpl.java:72] HHH10001002: Using Hibernate built-in connection pool (not for production use!)
2020-09-21 21:35:18,748 INFO [main] o.h.o.c.pooling [DriverManagerConnectionProviderImpl.java:115] HHH10001005: using driver [com.microsoft.sqlserver.jdbc.SQLServerDriver] at URL [jdbc:sqlserver://localhost;databaseName=sacchon2]
2020-09-21 21:35:18,748 INFO [main] o.h.o.c.pooling [DriverManagerConnectionProviderImpl.java:124] HHH10001001: Connection properties: {password=****, user=sa}
2020-09-21 21:35:18,749 INFO [main] o.h.o.c.pooling [DriverManagerConnectionProviderImpl.java:129] HHH10001003: Autocommit mode: false
2020-09-21 21:35:18,754 INFO [main] o.h.e.j.c.i.DriverManagerConnectionProviderImpl [DriverManagerConnectionProviderImpl.java:239] HHH000115: Hibernate connection pool size: 20 (min=1)
2020-09-21 21:35:19,092 INFO [main] o.h.d.Dialect [Dialect.java:158] HHH000400: Using dialect: org.hibernate.dialect.SQLServer2012Dialect
2020-09-21 21:35:20,393 INFO [main] o.h.o.c.access [DdlTransactionIsolatorNonJtaImpl.java:47] HHH10001501: Connection obtained from JdbcConnectionAccess [org.hibernate.engine.jdbc.env.internal.JdbcEnvironmentInitiator$ConnectionProviderJdbcConnectionAccess@40709f9] for (non-JTA) DDL execution was not in auto-commit mode; the Connection 'local transaction' will be committed and the Connection will be set into auto-commit mode.
2020-09-21 21:35:20,655 INFO [main] o.h.e.t.j.p.i.JtaPlatformInitiator [JtaPlatformInitiator.java:52] HHH000490: Using JtaPlatform implementation: [org.hibernate.engine.transaction.jta.platform.internal.NoJtaPlatform]
2020-09-21 21:35:20,831 INFO [main] o.e.j.u.log [Log.java:193] Logging initialized @4331ms to org.eclipse.jetty.util.log.Slf4jLog
2020-09-21 21:35:20,890 INFO [main] o.e.j.s.Server [Server.java:374] jetty-9.4.11.v20180605; built: 2018-06-05T18:24:03.829Z; git: d5fc0523cfa96bfebfbda19606cad384d772f04c; jvm 11.0.8+10-LTS
2020-09-21 21:35:20,944 INFO [main] o.e.j.s.AbstractConnector [AbstractConnector.java:289] Started ServerConnector@13213f26{HTTP/1.1,[http/1.1]}{0.0.0.0:9000}
2020-09-21 21:35:20,944 INFO [main] o.e.j.s.Server [Server.java:411] Started @4445ms
2020-09-21 21:40:40,621 INFO [main] o.h.j.i.u.LogHelper [LogHelper.java:31] HHH000204: Processing PersistenceUnitInfo [name: PERSISTENCE]
2020-09-21 21:40:40,729 INFO [main] o.h.Version [Version.java:46] HHH000412: Hibernate Core {5.4.1.Final}
2020-09-21 21:40:41,054 INFO [main] o.h.a.c.Version [JavaReflectionManager.java:49] HCANN000001: Hibernate Commons Annotations {5.1.0.Final}
2020-09-21 21:40:41,667 WARN [main] o.h.o.c.pooling [DriverManagerConnectionProviderImpl.java:72] HHH10001002: Using Hibernate built-in connection pool (not for production use!)
2020-09-21 21:40:41,802 INFO [main] o.h.o.c.pooling [DriverManagerConnectionProviderImpl.java:115] HHH10001005: using driver [com.microsoft.sqlserver.jdbc.SQLServerDriver] at URL [jdbc:sqlserver://localhost;databaseName=sacchon2]
2020-09-21 21:40:41,803 INFO [main] o.h.o.c.pooling [DriverManagerConnectionProviderImpl.java:124] HHH10001001: Connection properties: {password=****, user=sa}
2020-09-21 21:40:41,804 INFO [main] o.h.o.c.pooling [DriverManagerConnectionProviderImpl.java:129] HHH10001003: Autocommit mode: false
2020-09-21 21:40:41,809 INFO [main] o.h.e.j.c.i.DriverManagerConnectionProviderImpl [DriverManagerConnectionProviderImpl.java:239] HHH000115: Hibernate connection pool size: 20 (min=1)
2020-09-21 21:40:42,160 INFO [main] o.h.d.Dialect [Dialect.java:158] HHH000400: Using dialect: org.hibernate.dialect.SQLServer2012Dialect
2020-09-21 21:40:43,478 INFO [main] o.h.o.c.access [DdlTransactionIsolatorNonJtaImpl.java:47] HHH10001501: Connection obtained from JdbcConnectionAccess [org.hibernate.engine.jdbc.env.internal.JdbcEnvironmentInitiator$ConnectionProviderJdbcConnectionAccess@3e377967] for (non-JTA) DDL execution was not in auto-commit mode; the Connection 'local transaction' will be committed and the Connection will be set into auto-commit mode.
2020-09-21 21:40:43,718 INFO [main] o.h.e.t.j.p.i.JtaPlatformInitiator [JtaPlatformInitiator.java:52] HHH000490: Using JtaPlatform implementation: [org.hibernate.engine.transaction.jta.platform.internal.NoJtaPlatform]
2020-09-21 21:40:43,842 INFO [main] o.e.j.u.log [Log.java:193] Logging initialized @4432ms to org.eclipse.jetty.util.log.Slf4jLog
2020-09-21 21:40:43,893 INFO [main] o.e.j.s.Server [Server.java:374] jetty-9.4.11.v20180605; built: 2018-06-05T18:24:03.829Z; git: d5fc0523cfa96bfebfbda19606cad384d772f04c; jvm 11.0.8+10-LTS
2020-09-21 21:40:43,941 INFO [main] o.e.j.s.AbstractConnector [AbstractConnector.java:289] Started ServerConnector@31b0f02{HTTP/1.1,[http/1.1]}{0.0.0.0:9000}
2020-09-21 21:40:43,942 INFO [main] o.e.j.s.Server [Server.java:411] Started @4532ms
2020-09-21 21:42:11,021 INFO [main] o.h.j.i.u.LogHelper [LogHelper.java:31] HHH000204: Processing PersistenceUnitInfo [name: PERSISTENCE]
2020-09-21 21:42:11,137 INFO [main] o.h.Version [Version.java:46] HHH000412: Hibernate Core {5.4.1.Final}
2020-09-21 21:42:11,471 INFO [main] o.h.a.c.Version [JavaReflectionManager.java:49] HCANN000001: Hibernate Commons Annotations {5.1.0.Final}
2020-09-21 21:42:12,075 WARN [main] o.h.o.c.pooling [DriverManagerConnectionProviderImpl.java:72] HHH10001002: Using Hibernate built-in connection pool (not for production use!)
2020-09-21 21:42:12,248 INFO [main] o.h.o.c.pooling [DriverManagerConnectionProviderImpl.java:115] HHH10001005: using driver [com.microsoft.sqlserver.jdbc.SQLServerDriver] at URL [jdbc:sqlserver://localhost;databaseName=sacchon2]
2020-09-21 21:42:12,250 INFO [main] o.h.o.c.pooling [DriverManagerConnectionProviderImpl.java:124] HHH10001001: Connection properties: {password=****, user=sa}
2020-09-21 21:42:12,252 INFO [main] o.h.o.c.pooling [DriverManagerConnectionProviderImpl.java:129] HHH10001003: Autocommit mode: false
2020-09-21 21:42:12,260 INFO [main] o.h.e.j.c.i.DriverManagerConnectionProviderImpl [DriverManagerConnectionProviderImpl.java:239] HHH000115: Hibernate connection pool size: 20 (min=1)
2020-09-21 21:42:12,631 INFO [main] o.h.d.Dialect [Dialect.java:158] HHH000400: Using dialect: org.hibernate.dialect.SQLServer2012Dialect
2020-09-21 21:42:13,978 INFO [main] o.h.o.c.access [DdlTransactionIsolatorNonJtaImpl.java:47] HHH10001501: Connection obtained from JdbcConnectionAccess [org.hibernate.engine.jdbc.env.internal.JdbcEnvironmentInitiator$ConnectionProviderJdbcConnectionAccess@40709f9] for (non-JTA) DDL execution was not in auto-commit mode; the Connection 'local transaction' will be committed and the Connection will be set into auto-commit mode.
2020-09-21 21:42:14,237 INFO [main] o.h.e.t.j.p.i.JtaPlatformInitiator [JtaPlatformInitiator.java:52] HHH000490: Using JtaPlatform implementation: [org.hibernate.engine.transaction.jta.platform.internal.NoJtaPlatform]
2020-09-21 21:42:14,383 INFO [main] o.e.j.u.log [Log.java:193] Logging initialized @4520ms to org.eclipse.jetty.util.log.Slf4jLog
2020-09-21 21:42:14,444 INFO [main] o.e.j.s.Server [Server.java:374] jetty-9.4.11.v20180605; built: 2018-06-05T18:24:03.829Z; git: d5fc0523cfa96bfebfbda19606cad384d772f04c; jvm 11.0.8+10-LTS
2020-09-21 21:42:14,489 INFO [main] o.e.j.s.AbstractConnector [AbstractConnector.java:289] Started ServerConnector@13213f26{HTTP/1.1,[http/1.1]}{0.0.0.0:9000}
2020-09-21 21:42:14,490 INFO [main] o.e.j.s.Server [Server.java:411] Started @4627ms
2020-09-21 21:49:24,949 INFO [main] o.h.j.i.u.LogHelper [LogHelper.java:31] HHH000204: Processing PersistenceUnitInfo [name: PERSISTENCE]
2020-09-21 21:49:25,081 INFO [main] o.h.Version [Version.java:46] HHH000412: Hibernate Core {5.4.1.Final}
2020-09-21 21:49:25,458 INFO [main] o.h.a.c.Version [JavaReflectionManager.java:49] HCANN000001: Hibernate Commons Annotations {5.1.0.Final}
2020-09-21 21:49:26,134 WARN [main] o.h.o.c.pooling [DriverManagerConnectionProviderImpl.java:72] HHH10001002: Using Hibernate built-in connection pool (not for production use!)
2020-09-21 21:49:26,271 INFO [main] o.h.o.c.pooling [DriverManagerConnectionProviderImpl.java:115] HHH10001005: using driver [com.microsoft.sqlserver.jdbc.SQLServerDriver] at URL [jdbc:sqlserver://localhost;databaseName=sacchon2]
2020-09-21 21:49:26,272 INFO [main] o.h.o.c.pooling [DriverManagerConnectionProviderImpl.java:124] HHH10001001: Connection properties: {password=****, user=sa}
2020-09-21 21:49:26,272 INFO [main] o.h.o.c.pooling [DriverManagerConnectionProviderImpl.java:129] HHH10001003: Autocommit mode: false
2020-09-21 21:49:26,277 INFO [main] o.h.e.j.c.i.DriverManagerConnectionProviderImpl [DriverManagerConnectionProviderImpl.java:239] HHH000115: Hibernate connection pool size: 20 (min=1)
2020-09-21 21:49:26,636 INFO [main] o.h.d.Dialect [Dialect.java:158] HHH000400: Using dialect: org.hibernate.dialect.SQLServer2012Dialect
2020-09-21 21:49:27,971 INFO [main] o.h.o.c.access [DdlTransactionIsolatorNonJtaImpl.java:47] HHH10001501: Connection obtained from JdbcConnectionAccess [org.hibernate.engine.jdbc.env.internal.JdbcEnvironmentInitiator$ConnectionProviderJdbcConnectionAccess@7792d851] for (non-JTA) DDL execution was not in auto-commit mode; the Connection 'local transaction' will be committed and the Connection will be set into auto-commit mode.
2020-09-21 21:49:28,220 INFO [main] o.h.e.t.j.p.i.JtaPlatformInitiator [JtaPlatformInitiator.java:52] HHH000490: Using JtaPlatform implementation: [org.hibernate.engine.transaction.jta.platform.internal.NoJtaPlatform]
2020-09-21 21:49:28,349 INFO [main] o.e.j.u.log [Log.java:193] Logging initialized @4657ms to org.eclipse.jetty.util.log.Slf4jLog
2020-09-21 21:49:28,394 INFO [main] o.e.j.s.Server [Server.java:374] jetty-9.4.11.v20180605; built: 2018-06-05T18:24:03.829Z; git: d5fc0523cfa96bfebfbda19606cad384d772f04c; jvm 11.0.8+10-LTS
2020-09-21 21:49:28,438 INFO [main] o.e.j.s.AbstractConnector [AbstractConnector.java:289] Started ServerConnector@31efacad{HTTP/1.1,[http/1.1]}{0.0.0.0:9000}
2020-09-21 21:49:28,439 INFO [main] o.e.j.s.Server [Server.java:411] Started @4747ms
2020-09-21 22:01:21,643 INFO [main] o.h.j.i.u.LogHelper [LogHelper.java:31] HHH000204: Processing PersistenceUnitInfo [name: PERSISTENCE]
2020-09-21 22:01:21,738 INFO [main] o.h.Version [Version.java:46] HHH000412: Hibernate Core {5.4.1.Final}
2020-09-21 22:01:22,065 INFO [main] o.h.a.c.Version [JavaReflectionManager.java:49] HCANN000001: Hibernate Commons Annotations {5.1.0.Final}
2020-09-21 22:01:22,673 WARN [main] o.h.o.c.pooling [DriverManagerConnectionProviderImpl.java:72] HHH10001002: Using Hibernate built-in connection pool (not for production use!)
2020-09-21 22:01:22,802 INFO [main] o.h.o.c.pooling [DriverManagerConnectionProviderImpl.java:115] HHH10001005: using driver [com.microsoft.sqlserver.jdbc.SQLServerDriver] at URL [jdbc:sqlserver://localhost;databaseName=sacchon2]
2020-09-21 22:01:22,803 INFO [main] o.h.o.c.pooling [DriverManagerConnectionProviderImpl.java:124] HHH10001001: Connection properties: {password=****, user=sa}
2020-09-21 22:01:22,803 INFO [main] o.h.o.c.pooling [DriverManagerConnectionProviderImpl.java:129] HHH10001003: Autocommit mode: false
2020-09-21 22:01:22,810 INFO [main] o.h.e.j.c.i.DriverManagerConnectionProviderImpl [DriverManagerConnectionProviderImpl.java:239] HHH000115: Hibernate connection pool size: 20 (min=1)
2020-09-21 22:01:23,255 INFO [main] o.h.d.Dialect [Dialect.java:158] HHH000400: Using dialect: org.hibernate.dialect.SQLServer2012Dialect
2020-09-21 22:01:24,738 INFO [main] o.h.o.c.access [DdlTransactionIsolatorNonJtaImpl.java:47] HHH10001501: Connection obtained from JdbcConnectionAccess [org.hibernate.engine.jdbc.env.internal.JdbcEnvironmentInitiator$ConnectionProviderJdbcConnectionAccess@7af443a3] for (non-JTA) DDL execution was not in auto-commit mode; the Connection 'local transaction' will be committed and the Connection will be set into auto-commit mode.
2020-09-21 22:01:24,991 INFO [main] o.h.e.t.j.p.i.JtaPlatformInitiator [JtaPlatformInitiator.java:52] HHH000490: Using JtaPlatform implementation: [org.hibernate.engine.transaction.jta.platform.internal.NoJtaPlatform]
2020-09-21 22:01:25,156 INFO [main] o.e.j.u.log [Log.java:193] Logging initialized @4713ms to org.eclipse.jetty.util.log.Slf4jLog
2020-09-21 22:01:25,230 INFO [main] o.e.j.s.Server [Server.java:374] jetty-9.4.11.v20180605; built: 2018-06-05T18:24:03.829Z; git: d5fc0523cfa96bfebfbda19606cad384d772f04c; jvm 11.0.8+10-LTS
2020-09-21 22:01:25,291 INFO [main] o.e.j.s.AbstractConnector [AbstractConnector.java:289] Started ServerConnector@f723cdb{HTTP/1.1,[http/1.1]}{0.0.0.0:9000}
2020-09-21 22:01:25,291 INFO [main] o.e.j.s.Server [Server.java:411] Started @4848ms
2020-09-21 22:13:03,617 INFO [main] o.h.j.i.u.LogHelper [LogHelper.java:31] HHH000204: Processing PersistenceUnitInfo [name: PERSISTENCE]
2020-09-21 22:13:03,730 INFO [main] o.h.Version [Version.java:46] HHH000412: Hibernate Core {5.4.1.Final}
2020-09-21 22:13:04,105 INFO [main] o.h.a.c.Version [JavaReflectionManager.java:49] HCANN000001: Hibernate Commons Annotations {5.1.0.Final}
2020-09-21 22:13:04,827 WARN [main] o.h.o.c.pooling [DriverManagerConnectionProviderImpl.java:72] HHH10001002: Using Hibernate built-in connection pool (not for production use!)
2020-09-21 22:13:04,957 INFO [main] o.h.o.c.pooling [DriverManagerConnectionProviderImpl.java:115] HHH10001005: using driver [com.microsoft.sqlserver.jdbc.SQLServerDriver] at URL [jdbc:sqlserver://localhost;databaseName=sacchon2]
2020-09-21 22:13:04,958 INFO [main] o.h.o.c.pooling [DriverManagerConnectionProviderImpl.java:124] HHH10001001: Connection properties: {password=****, user=sa}
2020-09-21 22:13:04,959 INFO [main] o.h.o.c.pooling [DriverManagerConnectionProviderImpl.java:129] HHH10001003: Autocommit mode: false
2020-09-21 22:13:04,964 INFO [main] o.h.e.j.c.i.DriverManagerConnectionProviderImpl [DriverManagerConnectionProviderImpl.java:239] HHH000115: Hibernate connection pool size: 20 (min=1)
2020-09-21 22:13:05,319 INFO [main] o.h.d.Dialect [Dialect.java:158] HHH000400: Using dialect: org.hibernate.dialect.SQLServer2012Dialect
2020-09-21 22:13:06,759 INFO [main] o.h.o.c.access [DdlTransactionIsolatorNonJtaImpl.java:47] HHH10001501: Connection obtained from JdbcConnectionAccess [org.hibernate.engine.jdbc.env.internal.JdbcEnvironmentInitiator$ConnectionProviderJdbcConnectionAccess@5eb5da12] for (non-JTA) DDL execution was not in auto-commit mode; the Connection 'local transaction' will be committed and the Connection will be set into auto-commit mode.
2020-09-21 22:13:07,093 INFO [main] o.h.e.t.j.p.i.JtaPlatformInitiator [JtaPlatformInitiator.java:52] HHH000490: Using JtaPlatform implementation: [org.hibernate.engine.transaction.jta.platform.internal.NoJtaPlatform]
2020-09-21 22:13:07,258 INFO [main] o.e.j.u.log [Log.java:193] Logging initialized @4871ms to org.eclipse.jetty.util.log.Slf4jLog
2020-09-21 22:13:07,329 INFO [main] o.e.j.s.Server [Server.java:374] jetty-9.4.11.v20180605; built: 2018-06-05T18:24:03.829Z; git: d5fc0523cfa96bfebfbda19606cad384d772f04c; jvm 11.0.8+10-LTS
2020-09-21 22:13:07,372 INFO [main] o.e.j.s.AbstractConnector [AbstractConnector.java:289] Started ServerConnector@272505c{HTTP/1.1,[http/1.1]}{0.0.0.0:9000}
2020-09-21 22:13:07,373 INFO [main] o.e.j.s.Server [Server.java:411] Started @4986ms
2020-09-21 22:13:37,178 INFO [main] o.h.j.i.u.LogHelper [LogHelper.java:31] HHH000204: Processing PersistenceUnitInfo [name: PERSISTENCE]
2020-09-21 22:13:37,265 INFO [main] o.h.Version [Version.java:46] HHH000412: Hibernate Core {5.4.1.Final}
2020-09-21 22:13:37,613 INFO [main] o.h.a.c.Version [JavaReflectionManager.java:49] HCANN000001: Hibernate Commons Annotations {5.1.0.Final}
2020-09-21 22:13:38,239 WARN [main] o.h.o.c.pooling [DriverManagerConnectionProviderImpl.java:72] HHH10001002: Using Hibernate built-in connection pool (not for production use!)
2020-09-21 22:13:38,384 INFO [main] o.h.o.c.pooling [DriverManagerConnectionProviderImpl.java:115] HHH10001005: using driver [com.microsoft.sqlserver.jdbc.SQLServerDriver] at URL [jdbc:sqlserver://localhost;databaseName=sacchon2]
2020-09-21 22:13:38,385 INFO [main] o.h.o.c.pooling [DriverManagerConnectionProviderImpl.java:124] HHH10001001: Connection properties: {password=****, user=sa}
2020-09-21 22:13:38,385 INFO [main] o.h.o.c.pooling [DriverManagerConnectionProviderImpl.java:129] HHH10001003: Autocommit mode: false
2020-09-21 22:13:38,391 INFO [main] o.h.e.j.c.i.DriverManagerConnectionProviderImpl [DriverManagerConnectionProviderImpl.java:239] HHH000115: Hibernate connection pool size: 20 (min=1)
2020-09-21 22:13:38,773 INFO [main] o.h.d.Dialect [Dialect.java:158] HHH000400: Using dialect: org.hibernate.dialect.SQLServer2012Dialect
2020-09-21 22:13:40,132 INFO [main] o.h.o.c.access [DdlTransactionIsolatorNonJtaImpl.java:47] HHH10001501: Connection obtained from JdbcConnectionAccess [org.hibernate.engine.jdbc.env.internal.JdbcEnvironmentInitiator$ConnectionProviderJdbcConnectionAccess@40709f9] for (non-JTA) DDL execution was not in auto-commit mode; the Connection 'local transaction' will be committed and the Connection will be set into auto-commit mode.
2020-09-21 22:13:40,379 INFO [main] o.h.e.t.j.p.i.JtaPlatformInitiator [JtaPlatformInitiator.java:52] HHH000490: Using JtaPlatform implementation: [org.hibernate.engine.transaction.jta.platform.internal.NoJtaPlatform]
2020-09-21 22:13:40,519 INFO [main] o.e.j.u.log [Log.java:193] Logging initialized @4517ms to org.eclipse.jetty.util.log.Slf4jLog
2020-09-21 22:13:40,569 INFO [main] o.e.j.s.Server [Server.java:374] jetty-9.4.11.v20180605; built: 2018-06-05T18:24:03.829Z; git: d5fc0523cfa96bfebfbda19606cad384d772f04c; jvm 11.0.8+10-LTS
2020-09-21 22:13:40,607 INFO [main] o.e.j.s.AbstractConnector [AbstractConnector.java:289] Started ServerConnector@13213f26{HTTP/1.1,[http/1.1]}{0.0.0.0:9000}
2020-09-21 22:13:40,607 INFO [main] o.e.j.s.Server [Server.java:411] Started @4605ms
2020-09-21 22:15:09,764 INFO [main] o.h.j.i.u.LogHelper [LogHelper.java:31] HHH000204: Processing PersistenceUnitInfo [name: PERSISTENCE]
2020-09-21 22:15:09,874 INFO [main] o.h.Version [Version.java:46] HHH000412: Hibernate Core {5.4.1.Final}
2020-09-21 22:15:10,247 INFO [main] o.h.a.c.Version [JavaReflectionManager.java:49] HCANN000001: Hibernate Commons Annotations {5.1.0.Final}
2020-09-21 22:15:10,867 WARN [main] o.h.o.c.pooling [DriverManagerConnectionProviderImpl.java:72] HHH10001002: Using Hibernate built-in connection pool (not for production use!)
2020-09-21 22:15:11,004 INFO [main] o.h.o.c.pooling [DriverManagerConnectionProviderImpl.java:115] HHH10001005: using driver [com.microsoft.sqlserver.jdbc.SQLServerDriver] at URL [jdbc:sqlserver://localhost;databaseName=sacchon2]
2020-09-21 22:15:11,005 INFO [main] o.h.o.c.pooling [DriverManagerConnectionProviderImpl.java:124] HHH10001001: Connection properties: {password=****, user=sa}
2020-09-21 22:15:11,006 INFO [main] o.h.o.c.pooling [DriverManagerConnectionProviderImpl.java:129] HHH10001003: Autocommit mode: false
2020-09-21 22:15:11,011 INFO [main] o.h.e.j.c.i.DriverManagerConnectionProviderImpl [DriverManagerConnectionProviderImpl.java:239] HHH000115: Hibernate connection pool size: 20 (min=1)
2020-09-21 22:15:11,408 INFO [main] o.h.d.Dialect [Dialect.java:158] HHH000400: Using dialect: org.hibernate.dialect.SQLServer2012Dialect
2020-09-21 22:15:12,819 INFO [main] o.h.o.c.access [DdlTransactionIsolatorNonJtaImpl.java:47] HHH10001501: Connection obtained from JdbcConnectionAccess [org.hibernate.engine.jdbc.env.internal.JdbcEnvironmentInitiator$ConnectionProviderJdbcConnectionAccess@40709f9] for (non-JTA) DDL execution was not in auto-commit mode; the Connection 'local transaction' will be committed and the Connection will be set into auto-commit mode.
2020-09-21 22:15:13,148 INFO [main] o.h.e.t.j.p.i.JtaPlatformInitiator [JtaPlatformInitiator.java:52] HHH000490: Using JtaPlatform implementation: [org.hibernate.engine.transaction.jta.platform.internal.NoJtaPlatform]
2020-09-21 22:15:13,319 INFO [main] o.e.j.u.log [Log.java:193] Logging initialized @4766ms to org.eclipse.jetty.util.log.Slf4jLog
2020-09-21 22:15:13,398 INFO [main] o.e.j.s.Server [Server.java:374] jetty-9.4.11.v20180605; built: 2018-06-05T18:24:03.829Z; git: d5fc0523cfa96bfebfbda19606cad384d772f04c; jvm 11.0.8+10-LTS
2020-09-21 22:15:13,468 INFO [main] o.e.j.s.AbstractConnector [AbstractConnector.java:289] Started ServerConnector@13213f26{HTTP/1.1,[http/1.1]}{0.0.0.0:9000}
2020-09-21 22:15:13,469 INFO [main] o.e.j.s.Server [Server.java:411] Started @4916ms
2020-09-21 22:16:57,688 INFO [main] o.h.j.i.u.LogHelper [LogHelper.java:31] HHH000204: Processing PersistenceUnitInfo [name: PERSISTENCE]
2020-09-21 22:16:57,787 INFO [main] o.h.Version [Version.java:46] HHH000412: Hibernate Core {5.4.1.Final}
2020-09-21 22:16:58,128 INFO [main] o.h.a.c.Version [JavaReflectionManager.java:49] HCANN000001: Hibernate Commons Annotations {5.1.0.Final}
2020-09-21 22:16:58,730 WARN [main] o.h.o.c.pooling [DriverManagerConnectionProviderImpl.java:72] HHH10001002: Using Hibernate built-in connection pool (not for production use!)
2020-09-21 22:16:58,861 INFO [main] o.h.o.c.pooling [DriverManagerConnectionProviderImpl.java:115] HHH10001005: using driver [com.microsoft.sqlserver.jdbc.SQLServerDriver] at URL [jdbc:sqlserver://localhost;databaseName=sacchon2]
2020-09-21 22:16:58,861 INFO [main] o.h.o.c.pooling [DriverManagerConnectionProviderImpl.java:124] HHH10001001: Connection properties: {password=****, user=sa}
2020-09-21 22:16:58,862 INFO [main] o.h.o.c.pooling [DriverManagerConnectionProviderImpl.java:129] HHH10001003: Autocommit mode: false
2020-09-21 22:16:58,868 INFO [main] o.h.e.j.c.i.DriverManagerConnectionProviderImpl [DriverManagerConnectionProviderImpl.java:239] HHH000115: Hibernate connection pool size: 20 (min=1)
2020-09-21 22:16:59,244 INFO [main] o.h.d.Dialect [Dialect.java:158] HHH000400: Using dialect: org.hibernate.dialect.SQLServer2012Dialect
2020-09-21 22:17:00,596 INFO [main] o.h.o.c.access [DdlTransactionIsolatorNonJtaImpl.java:47] HHH10001501: Connection obtained from JdbcConnectionAccess [org.hibernate.engine.jdbc.env.internal.JdbcEnvironmentInitiator$ConnectionProviderJdbcConnectionAccess@40709f9] for (non-JTA) DDL execution was not in auto-commit mode; the Connection 'local transaction' will be committed and the Connection will be set into auto-commit mode.
2020-09-21 22:17:00,890 INFO [main] o.h.e.t.j.p.i.JtaPlatformInitiator [JtaPlatformInitiator.java:52] HHH000490: Using JtaPlatform implementation: [org.hibernate.engine.transaction.jta.platform.internal.NoJtaPlatform]
2020-09-21 22:17:01,062 INFO [main] o.e.j.u.log [Log.java:193] Logging initialized @4538ms to org.eclipse.jetty.util.log.Slf4jLog
2020-09-21 22:17:01,147 INFO [main] o.e.j.s.Server [Server.java:374] jetty-9.4.11.v20180605; built: 2018-06-05T18:24:03.829Z; git: d5fc0523cfa96bfebfbda19606cad384d772f04c; jvm 11.0.8+10-LTS
2020-09-21 22:17:01,202 INFO [main] o.e.j.s.AbstractConnector [AbstractConnector.java:289] Started ServerConnector@13213f26{HTTP/1.1,[http/1.1]}{0.0.0.0:9000}
2020-09-21 22:17:01,203 INFO [main] o.e.j.s.Server [Server.java:411] Started @4679ms
2020-09-21 22:18:30,122 INFO [main] o.h.j.i.u.LogHelper [LogHelper.java:31] HHH000204: Processing PersistenceUnitInfo [name: PERSISTENCE]
2020-09-21 22:18:30,269 INFO [main] o.h.Version [Version.java:46] HHH000412: Hibernate Core {5.4.1.Final}
2020-09-21 22:18:30,601 INFO [main] o.h.a.c.Version [JavaReflectionManager.java:49] HCANN000001: Hibernate Commons Annotations {5.1.0.Final}
2020-09-21 22:18:31,220 WARN [main] o.h.o.c.pooling [DriverManagerConnectionProviderImpl.java:72] HHH10001002: Using Hibernate built-in connection pool (not for production use!)
2020-09-21 22:18:31,350 INFO [main] o.h.o.c.pooling [DriverManagerConnectionProviderImpl.java:115] HHH10001005: using driver [com.microsoft.sqlserver.jdbc.SQLServerDriver] at URL [jdbc:sqlserver://localhost;databaseName=sacchon2]
2020-09-21 22:18:31,351 INFO [main] o.h.o.c.pooling [DriverManagerConnectionProviderImpl.java:124] HHH10001001: Connection properties: {password=****, user=sa}
2020-09-21 22:18:31,352 INFO [main] o.h.o.c.pooling [DriverManagerConnectionProviderImpl.java:129] HHH10001003: Autocommit mode: false
2020-09-21 22:18:31,358 INFO [main] o.h.e.j.c.i.DriverManagerConnectionProviderImpl [DriverManagerConnectionProviderImpl.java:239] HHH000115: Hibernate connection pool size: 20 (min=1)
2020-09-21 22:18:31,709 INFO [main] o.h.d.Dialect [Dialect.java:158] HHH000400: Using dialect: org.hibernate.dialect.SQLServer2012Dialect
2020-09-21 22:18:33,196 INFO [main] o.h.o.c.access [DdlTransactionIsolatorNonJtaImpl.java:47] HHH10001501: Connection obtained from JdbcConnectionAccess [org.hibernate.engine.jdbc.env.internal.JdbcEnvironmentInitiator$ConnectionProviderJdbcConnectionAccess@40709f9] for (non-JTA) DDL execution was not in auto-commit mode; the Connection 'local transaction' will be committed and the Connection will be set into auto-commit mode.
2020-09-21 22:18:33,428 INFO [main] o.h.e.t.j.p.i.JtaPlatformInitiator [JtaPlatformInitiator.java:52] HHH000490: Using JtaPlatform implementation: [org.hibernate.engine.transaction.jta.platform.internal.NoJtaPlatform]
2020-09-21 22:18:33,623 INFO [main] o.e.j.u.log [Log.java:193] Logging initialized @4694ms to org.eclipse.jetty.util.log.Slf4jLog
2020-09-21 22:18:33,700 INFO [main] o.e.j.s.Server [Server.java:374] jetty-9.4.11.v20180605; built: 2018-06-05T18:24:03.829Z; git: d5fc0523cfa96bfebfbda19606cad384d772f04c; jvm 11.0.8+10-LTS
2020-09-21 22:18:33,765 INFO [main] o.e.j.s.AbstractConnector [AbstractConnector.java:289] Started ServerConnector@13213f26{HTTP/1.1,[http/1.1]}{0.0.0.0:9000}
2020-09-21 22:18:33,766 INFO [main] o.e.j.s.Server [Server.java:411] Started @4837ms
2020-09-21 22:21:21,183 INFO [main] o.h.j.i.u.LogHelper [LogHelper.java:31] HHH000204: Processing PersistenceUnitInfo [name: PERSISTENCE]
2020-09-21 22:21:21,302 INFO [main] o.h.Version [Version.java:46] HHH000412: Hibernate Core {5.4.1.Final}
2020-09-21 22:21:21,682 INFO [main] o.h.a.c.Version [JavaReflectionManager.java:49] HCANN000001: Hibernate Commons Annotations {5.1.0.Final}
2020-09-21 22:21:22,268 WARN [main] o.h.o.c.pooling [DriverManagerConnectionProviderImpl.java:72] HHH10001002: Using Hibernate built-in connection pool (not for production use!)
2020-09-21 22:21:22,416 INFO [main] o.h.o.c.pooling [DriverManagerConnectionProviderImpl.java:115] HHH10001005: using driver [com.microsoft.sqlserver.jdbc.SQLServerDriver] at URL [jdbc:sqlserver://localhost;databaseName=sacchon2]
2020-09-21 22:21:22,417 INFO [main] o.h.o.c.pooling [DriverManagerConnectionProviderImpl.java:124] HHH10001001: Connection properties: {password=****, user=sa}
2020-09-21 22:21:22,419 INFO [main] o.h.o.c.pooling [DriverManagerConnectionProviderImpl.java:129] HHH10001003: Autocommit mode: false
2020-09-21 22:21:22,428 INFO [main] o.h.e.j.c.i.DriverManagerConnectionProviderImpl [DriverManagerConnectionProviderImpl.java:239] HHH000115: Hibernate connection pool size: 20 (min=1)
2020-09-21 22:21:22,795 INFO [main] o.h.d.Dialect [Dialect.java:158] HHH000400: Using dialect: org.hibernate.dialect.SQLServer2012Dialect
2020-09-21 22:21:24,283 INFO [main] o.h.o.c.access [DdlTransactionIsolatorNonJtaImpl.java:47] HHH10001501: Connection obtained from JdbcConnectionAccess [org.hibernate.engine.jdbc.env.internal.JdbcEnvironmentInitiator$ConnectionProviderJdbcConnectionAccess@40709f9] for (non-JTA) DDL execution was not in auto-commit mode; the Connection 'local transaction' will be committed and the Connection will be set into auto-commit mode.
2020-09-21 22:21:24,585 INFO [main] o.h.e.t.j.p.i.JtaPlatformInitiator [JtaPlatformInitiator.java:52] HHH000490: Using JtaPlatform implementation: [org.hibernate.engine.transaction.jta.platform.internal.NoJtaPlatform]
2020-09-21 22:21:24,772 INFO [main] o.e.j.u.log [Log.java:193] Logging initialized @4768ms to org.eclipse.jetty.util.log.Slf4jLog
2020-09-21 22:21:24,850 INFO [main] o.e.j.s.Server [Server.java:374] jetty-9.4.11.v20180605; built: 2018-06-05T18:24:03.829Z; git: d5fc0523cfa96bfebfbda19606cad384d772f04c; jvm 11.0.8+10-LTS
2020-09-21 22:21:24,919 INFO [main] o.e.j.s.AbstractConnector [AbstractConnector.java:289] Started ServerConnector@13213f26{HTTP/1.1,[http/1.1]}{0.0.0.0:9000}
2020-09-21 22:21:24,919 INFO [main] o.e.j.s.Server [Server.java:411] Started @4915ms
2020-09-21 22:22:33,541 INFO [main] o.h.j.i.u.LogHelper [LogHelper.java:31] HHH000204: Processing PersistenceUnitInfo [name: PERSISTENCE]
2020-09-21 22:22:33,653 INFO [main] o.h.Version [Version.java:46] HHH000412: Hibernate Core {5.4.1.Final}
2020-09-21 22:22:34,015 INFO [main] o.h.a.c.Version [JavaReflectionManager.java:49] HCANN000001: Hibernate Commons Annotations {5.1.0.Final}
2020-09-21 22:22:34,698 WARN [main] o.h.o.c.pooling [DriverManagerConnectionProviderImpl.java:72] HHH10001002: Using Hibernate built-in connection pool (not for production use!)
2020-09-21 22:22:34,846 INFO [main] o.h.o.c.pooling [DriverManagerConnectionProviderImpl.java:115] HHH10001005: using driver [com.microsoft.sqlserver.jdbc.SQLServerDriver] at URL [jdbc:sqlserver://localhost;databaseName=sacchon2]
2020-09-21 22:22:34,847 INFO [main] o.h.o.c.pooling [DriverManagerConnectionProviderImpl.java:124] HHH10001001: Connection properties: {password=****, user=sa}
2020-09-21 22:22:34,848 INFO [main] o.h.o.c.pooling [DriverManagerConnectionProviderImpl.java:129] HHH10001003: Autocommit mode: false
2020-09-21 22:22:34,854 INFO [main] o.h.e.j.c.i.DriverManagerConnectionProviderImpl [DriverManagerConnectionProviderImpl.java:239] HHH000115: Hibernate connection pool size: 20 (min=1)
2020-09-21 22:22:35,239 INFO [main] o.h.d.Dialect [Dialect.java:158] HHH000400: Using dialect: org.hibernate.dialect.SQLServer2012Dialect
2020-09-21 22:22:36,679 INFO [main] o.h.o.c.access [DdlTransactionIsolatorNonJtaImpl.java:47] HHH10001501: Connection obtained from JdbcConnectionAccess [org.hibernate.engine.jdbc.env.internal.JdbcEnvironmentInitiator$ConnectionProviderJdbcConnectionAccess@19c1820d] for (non-JTA) DDL execution was not in auto-commit mode; the Connection 'local transaction' will be committed and the Connection will be set into auto-commit mode.
2020-09-21 22:22:37,020 INFO [main] o.h.e.t.j.p.i.JtaPlatformInitiator [JtaPlatformInitiator.java:52] HHH000490: Using JtaPlatform implementation: [org.hibernate.engine.transaction.jta.platform.internal.NoJtaPlatform]
2020-09-21 22:22:37,206 INFO [main] o.e.j.u.log [Log.java:193] Logging initialized @4876ms to org.eclipse.jetty.util.log.Slf4jLog
2020-09-21 22:22:37,288 INFO [main] o.e.j.s.Server [Server.java:374] jetty-9.4.11.v20180605; built: 2018-06-05T18:24:03.829Z; git: d5fc0523cfa96bfebfbda19606cad384d772f04c; jvm 11.0.8+10-LTS
2020-09-21 22:22:37,336 INFO [main] o.e.j.s.AbstractConnector [AbstractConnector.java:289] Started ServerConnector@7a388990{HTTP/1.1,[http/1.1]}{0.0.0.0:9000}
2020-09-21 22:22:37,336 INFO [main] o.e.j.s.Server [Server.java:411] Started @5006ms
2020-09-21 22:36:09,247 INFO [main] o.h.j.i.u.LogHelper [LogHelper.java:31] HHH000204: Processing PersistenceUnitInfo [name: PERSISTENCE]
2020-09-21 22:36:09,378 INFO [main] o.h.Version [Version.java:46] HHH000412: Hibernate Core {5.4.1.Final}
2020-09-21 22:36:09,806 INFO [main] o.h.a.c.Version [JavaReflectionManager.java:49] HCANN000001: Hibernate Commons Annotations {5.1.0.Final}
2020-09-21 22:36:10,424 WARN [main] o.h.o.c.pooling [DriverManagerConnectionProviderImpl.java:72] HHH10001002: Using Hibernate built-in connection pool (not for production use!)
2020-09-21 22:36:10,569 INFO [main] o.h.o.c.pooling [DriverManagerConnectionProviderImpl.java:115] HHH10001005: using driver [com.microsoft.sqlserver.jdbc.SQLServerDriver] at URL [jdbc:sqlserver://localhost;databaseName=sacchon2]
2020-09-21 22:36:10,570 INFO [main] o.h.o.c.pooling [DriverManagerConnectionProviderImpl.java:124] HHH10001001: Connection properties: {password=****, user=sa}
2020-09-21 22:36:10,570 INFO [main] o.h.o.c.pooling [DriverManagerConnectionProviderImpl.java:129] HHH10001003: Autocommit mode: false
2020-09-21 22:36:10,574 INFO [main] o.h.e.j.c.i.DriverManagerConnectionProviderImpl [DriverManagerConnectionProviderImpl.java:239] HHH000115: Hibernate connection pool size: 20 (min=1)
2020-09-21 22:36:10,950 INFO [main] o.h.d.Dialect [Dialect.java:158] HHH000400: Using dialect: org.hibernate.dialect.SQLServer2012Dialect
2020-09-21 22:36:12,344 INFO [main] o.h.o.c.access [DdlTransactionIsolatorNonJtaImpl.java:47] HHH10001501: Connection obtained from JdbcConnectionAccess [org.hibernate.engine.jdbc.env.internal.JdbcEnvironmentInitiator$ConnectionProviderJdbcConnectionAccess@3e377967] for (non-JTA) DDL execution was not in auto-commit mode; the Connection 'local transaction' will be committed and the Connection will be set into auto-commit mode.
2020-09-21 22:36:12,605 INFO [main] o.h.e.t.j.p.i.JtaPlatformInitiator [JtaPlatformInitiator.java:52] HHH000490: Using JtaPlatform implementation: [org.hibernate.engine.transaction.jta.platform.internal.NoJtaPlatform]
2020-09-21 22:36:12,784 INFO [main] o.e.j.u.log [Log.java:193] Logging initialized @4781ms to org.eclipse.jetty.util.log.Slf4jLog
2020-09-21 22:36:12,853 INFO [main] o.e.j.s.Server [Server.java:374] jetty-9.4.11.v20180605; built: 2018-06-05T18:24:03.829Z; git: d5fc0523cfa96bfebfbda19606cad384d772f04c; jvm 11.0.8+10-LTS
2020-09-21 22:36:12,916 INFO [main] o.e.j.s.AbstractConnector [AbstractConnector.java:289] Started ServerConnector@31b0f02{HTTP/1.1,[http/1.1]}{0.0.0.0:9000}
2020-09-21 22:36:12,917 INFO [main] o.e.j.s.Server [Server.java:411] Started @4914ms
2020-09-21 22:37:20,372 INFO [main] o.h.j.i.u.LogHelper [LogHelper.java:31] HHH000204: Processing PersistenceUnitInfo [name: PERSISTENCE]
2020-09-21 22:37:20,500 INFO [main] o.h.Version [Version.java:46] HHH000412: Hibernate Core {5.4.1.Final}
2020-09-21 22:37:20,877 INFO [main] o.h.a.c.Version [JavaReflectionManager.java:49] HCANN000001: Hibernate Commons Annotations {5.1.0.Final}
2020-09-21 22:37:21,512 WARN [main] o.h.o.c.pooling [DriverManagerConnectionProviderImpl.java:72] HHH10001002: Using Hibernate built-in connection pool (not for production use!)
2020-09-21 22:37:21,652 INFO [main] o.h.o.c.pooling [DriverManagerConnectionProviderImpl.java:115] HHH10001005: using driver [com.microsoft.sqlserver.jdbc.SQLServerDriver] at URL [jdbc:sqlserver://localhost;databaseName=sacchon2]
2020-09-21 22:37:21,653 INFO [main] o.h.o.c.pooling [DriverManagerConnectionProviderImpl.java:124] HHH10001001: Connection properties: {password=****, user=sa}
2020-09-21 22:37:21,653 INFO [main] o.h.o.c.pooling [DriverManagerConnectionProviderImpl.java:129] HHH10001003: Autocommit mode: false
2020-09-21 22:37:21,658 INFO [main] o.h.e.j.c.i.DriverManagerConnectionProviderImpl [DriverManagerConnectionProviderImpl.java:239] HHH000115: Hibernate connection pool size: 20 (min=1)
2020-09-21 22:37:22,029 INFO [main] o.h.d.Dialect [Dialect.java:158] HHH000400: Using dialect: org.hibernate.dialect.SQLServer2012Dialect
2020-09-21 22:37:23,466 INFO [main] o.h.o.c.access [DdlTransactionIsolatorNonJtaImpl.java:47] HHH10001501: Connection obtained from JdbcConnectionAccess [org.hibernate.engine.jdbc.env.internal.JdbcEnvironmentInitiator$ConnectionProviderJdbcConnectionAccess@40709f9] for (non-JTA) DDL execution was not in auto-commit mode; the Connection 'local transaction' will be committed and the Connection will be set into auto-commit mode.
2020-09-21 22:37:23,712 INFO [main] o.h.e.t.j.p.i.JtaPlatformInitiator [JtaPlatformInitiator.java:52] HHH000490: Using JtaPlatform implementation: [org.hibernate.engine.transaction.jta.platform.internal.NoJtaPlatform]
2020-09-21 22:37:23,901 INFO [main] o.e.j.u.log [Log.java:193] Logging initialized @4673ms to org.eclipse.jetty.util.log.Slf4jLog
2020-09-21 22:37:23,981 INFO [main] o.e.j.s.Server [Server.java:374] jetty-9.4.11.v20180605; built: 2018-06-05T18:24:03.829Z; git: d5fc0523cfa96bfebfbda19606cad384d772f04c; jvm 11.0.8+10-LTS
2020-09-21 22:37:24,038 INFO [main] o.e.j.s.AbstractConnector [AbstractConnector.java:289] Started ServerConnector@13213f26{HTTP/1.1,[http/1.1]}{0.0.0.0:9000}
2020-09-21 22:37:24,039 INFO [main] o.e.j.s.Server [Server.java:411] Started @4811ms
2020-09-21 22:45:31,443 INFO [main] o.h.j.i.u.LogHelper [LogHelper.java:31] HHH000204: Processing PersistenceUnitInfo [name: PERSISTENCE]
2020-09-21 22:45:31,538 INFO [main] o.h.Version [Version.java:46] HHH000412: Hibernate Core {5.4.1.Final}
2020-09-21 22:45:31,857 INFO [main] o.h.a.c.Version [JavaReflectionManager.java:49] HCANN000001: Hibernate Commons Annotations {5.1.0.Final}
2020-09-21 22:45:32,463 WARN [main] o.h.o.c.pooling [DriverManagerConnectionProviderImpl.java:72] HHH10001002: Using Hibernate built-in connection pool (not for production use!)
2020-09-21 22:45:32,593 INFO [main] o.h.o.c.pooling [DriverManagerConnectionProviderImpl.java:115] HHH10001005: using driver [com.microsoft.sqlserver.jdbc.SQLServerDriver] at URL [jdbc:sqlserver://localhost;databaseName=sacchon2]
2020-09-21 22:45:32,595 INFO [main] o.h.o.c.pooling [DriverManagerConnectionProviderImpl.java:124] HHH10001001: Connection properties: {password=****, user=sa}
2020-09-21 22:45:32,595 INFO [main] o.h.o.c.pooling [DriverManagerConnectionProviderImpl.java:129] HHH10001003: Autocommit mode: false
2020-09-21 22:45:32,603 INFO [main] o.h.e.j.c.i.DriverManagerConnectionProviderImpl [DriverManagerConnectionProviderImpl.java:239] HHH000115: Hibernate connection pool size: 20 (min=1)
2020-09-21 22:45:32,959 INFO [main] o.h.d.Dialect [Dialect.java:158] HHH000400: Using dialect: org.hibernate.dialect.SQLServer2012Dialect
2020-09-21 22:45:34,339 INFO [main] o.h.o.c.access [DdlTransactionIsolatorNonJtaImpl.java:47] HHH10001501: Connection obtained from JdbcConnectionAccess [org.hibernate.engine.jdbc.env.internal.JdbcEnvironmentInitiator$ConnectionProviderJdbcConnectionAccess@40709f9] for (non-JTA) DDL execution was not in auto-commit mode; the Connection 'local transaction' will be committed and the Connection will be set into auto-commit mode.
2020-09-21 22:45:34,602 INFO [main] o.h.e.t.j.p.i.JtaPlatformInitiator [JtaPlatformInitiator.java:52] HHH000490: Using JtaPlatform implementation: [org.hibernate.engine.transaction.jta.platform.internal.NoJtaPlatform]
2020-09-21 22:45:34,777 INFO [main] o.e.j.u.log [Log.java:193] Logging initialized @4514ms to org.eclipse.jetty.util.log.Slf4jLog
2020-09-21 22:45:34,837 INFO [main] o.e.j.s.Server [Server.java:374] jetty-9.4.11.v20180605; built: 2018-06-05T18:24:03.829Z; git: d5fc0523cfa96bfebfbda19606cad384d772f04c; jvm 11.0.8+10-LTS
2020-09-21 22:45:34,900 INFO [main] o.e.j.s.AbstractConnector [AbstractConnector.java:289] Started ServerConnector@13213f26{HTTP/1.1,[http/1.1]}{0.0.0.0:9000}
2020-09-21 22:45:34,901 INFO [main] o.e.j.s.Server [Server.java:411] Started @4638ms
2020-09-21 22:53:19,817 INFO [main] o.h.j.i.u.LogHelper [LogHelper.java:31] HHH000204: Processing PersistenceUnitInfo [name: PERSISTENCE]
2020-09-21 22:53:19,957 INFO [main] o.h.Version [Version.java:46] HHH000412: Hibernate Core {5.4.1.Final}
2020-09-21 22:53:20,300 INFO [main] o.h.a.c.Version [JavaReflectionManager.java:49] HCANN000001: Hibernate Commons Annotations {5.1.0.Final}
2020-09-21 22:53:20,999 WARN [main] o.h.o.c.pooling [DriverManagerConnectionProviderImpl.java:72] HHH10001002: Using Hibernate built-in connection pool (not for production use!)
2020-09-21 22:53:21,140 INFO [main] o.h.o.c.pooling [DriverManagerConnectionProviderImpl.java:115] HHH10001005: using driver [com.microsoft.sqlserver.jdbc.SQLServerDriver] at URL [jdbc:sqlserver://localhost;databaseName=sacchon2]
2020-09-21 22:53:21,141 INFO [main] o.h.o.c.pooling [DriverManagerConnectionProviderImpl.java:124] HHH10001001: Connection properties: {password=****, user=sa}
2020-09-21 22:53:21,142 INFO [main] o.h.o.c.pooling [DriverManagerConnectionProviderImpl.java:129] HHH10001003: Autocommit mode: false
2020-09-21 22:53:21,147 INFO [main] o.h.e.j.c.i.DriverManagerConnectionProviderImpl [DriverManagerConnectionProviderImpl.java:239] HHH000115: Hibernate connection pool size: 20 (min=1)
2020-09-21 22:53:21,527 INFO [main] o.h.d.Dialect [Dialect.java:158] HHH000400: Using dialect: org.hibernate.dialect.SQLServer2012Dialect
2020-09-21 22:53:22,950 INFO [main] o.h.o.c.access [DdlTransactionIsolatorNonJtaImpl.java:47] HHH10001501: Connection obtained from JdbcConnectionAccess [org.hibernate.engine.jdbc.env.internal.JdbcEnvironmentInitiator$ConnectionProviderJdbcConnectionAccess@3e377967] for (non-JTA) DDL execution was not in auto-commit mode; the Connection 'local transaction' will be committed and the Connection will be set into auto-commit mode.
2020-09-21 22:53:23,251 INFO [main] o.h.e.t.j.p.i.JtaPlatformInitiator [JtaPlatformInitiator.java:52] HHH000490: Using JtaPlatform implementation: [org.hibernate.engine.transaction.jta.platform.internal.NoJtaPlatform]
2020-09-21 22:53:23,398 INFO [main] o.e.j.u.log [Log.java:193] Logging initialized @4830ms to org.eclipse.jetty.util.log.Slf4jLog
2020-09-21 22:53:23,480 INFO [main] o.e.j.s.Server [Server.java:374] jetty-9.4.11.v20180605; built: 2018-06-05T18:24:03.829Z; git: d5fc0523cfa96bfebfbda19606cad384d772f04c; jvm 11.0.8+10-LTS
2020-09-21 22:53:23,539 INFO [main] o.e.j.s.AbstractConnector [AbstractConnector.java:289] Started ServerConnector@31b0f02{HTTP/1.1,[http/1.1]}{0.0.0.0:9000}
2020-09-21 22:53:23,540 INFO [main] o.e.j.s.Server [Server.java:411] Started @4972ms
2020-09-21 22:57:52,567 INFO [main] o.h.j.i.u.LogHelper [LogHelper.java:31] HHH000204: Processing PersistenceUnitInfo [name: PERSISTENCE]
2020-09-21 22:57:52,673 INFO [main] o.h.Version [Version.java:46] HHH000412: Hibernate Core {5.4.1.Final}
2020-09-21 22:57:53,022 INFO [main] o.h.a.c.Version [JavaReflectionManager.java:49] HCANN000001: Hibernate Commons Annotations {5.1.0.Final}
2020-09-21 22:57:53,649 WARN [main] o.h.o.c.pooling [DriverManagerConnectionProviderImpl.java:72] HHH10001002: Using Hibernate built-in connection pool (not for production use!)
2020-09-21 22:57:53,786 INFO [main] o.h.o.c.pooling [DriverManagerConnectionProviderImpl.java:115] HHH10001005: using driver [com.microsoft.sqlserver.jdbc.SQLServerDriver] at URL [jdbc:sqlserver://localhost;databaseName=sacchon2]
2020-09-21 22:57:53,787 INFO [main] o.h.o.c.pooling [DriverManagerConnectionProviderImpl.java:124] HHH10001001: Connection properties: {password=****, user=sa}
2020-09-21 22:57:53,788 INFO [main] o.h.o.c.pooling [DriverManagerConnectionProviderImpl.java:129] HHH10001003: Autocommit mode: false
2020-09-21 22:57:53,796 INFO [main] o.h.e.j.c.i.DriverManagerConnectionProviderImpl [DriverManagerConnectionProviderImpl.java:239] HHH000115: Hibernate connection pool size: 20 (min=1)
2020-09-21 22:57:54,143 INFO [main] o.h.d.Dialect [Dialect.java:158] HHH000400: Using dialect: org.hibernate.dialect.SQLServer2012Dialect
2020-09-21 22:57:55,562 INFO [main] o.h.o.c.access [DdlTransactionIsolatorNonJtaImpl.java:47] HHH10001501: Connection obtained from JdbcConnectionAccess [org.hibernate.engine.jdbc.env.internal.JdbcEnvironmentInitiator$ConnectionProviderJdbcConnectionAccess@40709f9] for (non-JTA) DDL execution was not in auto-commit mode; the Connection 'local transaction' will be committed and the Connection will be set into auto-commit mode.
2020-09-21 22:57:55,839 INFO [main] o.h.e.t.j.p.i.JtaPlatformInitiator [JtaPlatformInitiator.java:52] HHH000490: Using JtaPlatform implementation: [org.hibernate.engine.transaction.jta.platform.internal.NoJtaPlatform]
2020-09-21 22:57:56,028 INFO [main] o.e.j.u.log [Log.java:193] Logging initialized @4612ms to org.eclipse.jetty.util.log.Slf4jLog
2020-09-21 22:57:56,110 INFO [main] o.e.j.s.Server [Server.java:374] jetty-9.4.11.v20180605; built: 2018-06-05T18:24:03.829Z; git: d5fc0523cfa96bfebfbda19606cad384d772f04c; jvm 11.0.8+10-LTS
2020-09-21 22:57:56,180 INFO [main] o.e.j.s.AbstractConnector [AbstractConnector.java:289] Started ServerConnector@13213f26{HTTP/1.1,[http/1.1]}{0.0.0.0:9000}
2020-09-21 22:57:56,181 INFO [main] o.e.j.s.Server [Server.java:411] Started @4765ms
2020-09-21 23:00:29,779 INFO [main] o.h.j.i.u.LogHelper [LogHelper.java:31] HHH000204: Processing PersistenceUnitInfo [name: PERSISTENCE]
2020-09-21 23:00:29,887 INFO [main] o.h.Version [Version.java:46] HHH000412: Hibernate Core {5.4.1.Final}
2020-09-21 23:00:30,222 INFO [main] o.h.a.c.Version [JavaReflectionManager.java:49] HCANN000001: Hibernate Commons Annotations {5.1.0.Final}
2020-09-21 23:00:30,872 WARN [main] o.h.o.c.pooling [DriverManagerConnectionProviderImpl.java:72] HHH10001002: Using Hibernate built-in connection pool (not for production use!)
2020-09-21 23:00:31,005 INFO [main] o.h.o.c.pooling [DriverManagerConnectionProviderImpl.java:115] HHH10001005: using driver [com.microsoft.sqlserver.jdbc.SQLServerDriver] at URL [jdbc:sqlserver://localhost;databaseName=sacchon2]
2020-09-21 23:00:31,006 INFO [main] o.h.o.c.pooling [DriverManagerConnectionProviderImpl.java:124] HHH10001001: Connection properties: {password=****, user=sa}
2020-09-21 23:00:31,007 INFO [main] o.h.o.c.pooling [DriverManagerConnectionProviderImpl.java:129] HHH10001003: Autocommit mode: false
2020-09-21 23:00:31,011 INFO [main] o.h.e.j.c.i.DriverManagerConnectionProviderImpl [DriverManagerConnectionProviderImpl.java:239] HHH000115: Hibernate connection pool size: 20 (min=1)
2020-09-21 23:00:31,382 INFO [main] o.h.d.Dialect [Dialect.java:158] HHH000400: Using dialect: org.hibernate.dialect.SQLServer2012Dialect
2020-09-21 23:00:32,838 INFO [main] o.h.o.c.access [DdlTransactionIsolatorNonJtaImpl.java:47] HHH10001501: Connection obtained from JdbcConnectionAccess [org.hibernate.engine.jdbc.env.internal.JdbcEnvironmentInitiator$ConnectionProviderJdbcConnectionAccess@40709f9] for (non-JTA) DDL execution was not in auto-commit mode; the Connection 'local transaction' will be committed and the Connection will be set into auto-commit mode.
2020-09-21 23:00:33,082 INFO [main] o.h.e.t.j.p.i.JtaPlatformInitiator [JtaPlatformInitiator.java:52] HHH000490: Using JtaPlatform implementation: [org.hibernate.engine.transaction.jta.platform.internal.NoJtaPlatform]
2020-09-21 23:00:33,246 INFO [main] o.e.j.u.log [Log.java:193] Logging initialized @4580ms to org.eclipse.jetty.util.log.Slf4jLog
2020-09-21 23:00:33,293 INFO [main] o.e.j.s.Server [Server.java:374] jetty-9.4.11.v20180605; built: 2018-06-05T18:24:03.829Z; git: d5fc0523cfa96bfebfbda19606cad384d772f04c; jvm 11.0.8+10-LTS
2020-09-21 23:00:33,351 INFO [main] o.e.j.s.AbstractConnector [AbstractConnector.java:289] Started ServerConnector@13213f26{HTTP/1.1,[http/1.1]}{0.0.0.0:9000}
2020-09-21 23:00:33,351 INFO [main] o.e.j.s.Server [Server.java:411] Started @4686ms
2020-09-21 23:04:13,026 INFO [main] o.h.j.i.u.LogHelper [LogHelper.java:31] HHH000204: Processing PersistenceUnitInfo [name: PERSISTENCE]
2020-09-21 23:04:13,138 INFO [main] o.h.Version [Version.java:46] HHH000412: Hibernate Core {5.4.1.Final}
2020-09-21 23:04:13,503 INFO [main] o.h.a.c.Version [JavaReflectionManager.java:49] HCANN000001: Hibernate Commons Annotations {5.1.0.Final}
2020-09-21 23:04:14,157 WARN [main] o.h.o.c.pooling [DriverManagerConnectionProviderImpl.java:72] HHH10001002: Using Hibernate built-in connection pool (not for production use!)
2020-09-21 23:04:14,303 INFO [main] o.h.o.c.pooling [DriverManagerConnectionProviderImpl.java:115] HHH10001005: using driver [com.microsoft.sqlserver.jdbc.SQLServerDriver] at URL [jdbc:sqlserver://localhost;databaseName=sacchon2]
2020-09-21 23:04:14,304 INFO [main] o.h.o.c.pooling [DriverManagerConnectionProviderImpl.java:124] HHH10001001: Connection properties: {password=****, user=sa}
2020-09-21 23:04:14,305 INFO [main] o.h.o.c.pooling [DriverManagerConnectionProviderImpl.java:129] HHH10001003: Autocommit mode: false
2020-09-21 23:04:14,310 INFO [main] o.h.e.j.c.i.DriverManagerConnectionProviderImpl [DriverManagerConnectionProviderImpl.java:239] HHH000115: Hibernate connection pool size: 20 (min=1)
2020-09-21 23:04:14,692 INFO [main] o.h.d.Dialect [Dialect.java:158] HHH000400: Using dialect: org.hibernate.dialect.SQLServer2012Dialect
2020-09-21 23:04:16,283 INFO [main] o.h.o.c.access [DdlTransactionIsolatorNonJtaImpl.java:47] HHH10001501: Connection obtained from JdbcConnectionAccess [org.hibernate.engine.jdbc.env.internal.JdbcEnvironmentInitiator$ConnectionProviderJdbcConnectionAccess@67770b37] for (non-JTA) DDL execution was not in auto-commit mode; the Connection 'local transaction' will be committed and the Connection will be set into auto-commit mode.
2020-09-21 23:04:16,573 INFO [main] o.h.e.t.j.p.i.JtaPlatformInitiator [JtaPlatformInitiator.java:52] HHH000490: Using JtaPlatform implementation: [org.hibernate.engine.transaction.jta.platform.internal.NoJtaPlatform]
2020-09-21 23:04:16,746 INFO [main] o.e.j.u.log [Log.java:193] Logging initialized @4947ms to org.eclipse.jetty.util.log.Slf4jLog
2020-09-21 23:04:16,797 INFO [main] o.e.j.s.Server [Server.java:374] jetty-9.4.11.v20180605; built: 2018-06-05T18:24:03.829Z; git: d5fc0523cfa96bfebfbda19606cad384d772f04c; jvm 11.0.8+10-LTS
2020-09-21 23:04:16,852 INFO [main] o.e.j.s.AbstractConnector [AbstractConnector.java:289] Started ServerConnector@74960e9d{HTTP/1.1,[http/1.1]}{0.0.0.0:9000}
2020-09-21 23:04:16,852 INFO [main] o.e.j.s.Server [Server.java:411] Started @5052ms
2020-09-21 23:04:56,632 INFO [main] o.h.j.i.u.LogHelper [LogHelper.java:31] HHH000204: Processing PersistenceUnitInfo [name: PERSISTENCE]
2020-09-21 23:04:56,726 INFO [main] o.h.Version [Version.java:46] HHH000412: Hibernate Core {5.4.1.Final}
2020-09-21 23:04:57,110 INFO [main] o.h.a.c.Version [JavaReflectionManager.java:49] HCANN000001: Hibernate Commons Annotations {5.1.0.Final}
2020-09-21 23:04:57,784 WARN [main] o.h.o.c.pooling [DriverManagerConnectionProviderImpl.java:72] HHH10001002: Using Hibernate built-in connection pool (not for production use!)
2020-09-21 23:04:57,945 INFO [main] o.h.o.c.pooling [DriverManagerConnectionProviderImpl.java:115] HHH10001005: using driver [com.microsoft.sqlserver.jdbc.SQLServerDriver] at URL [jdbc:sqlserver://localhost;databaseName=sacchon2]
2020-09-21 23:04:57,946 INFO [main] o.h.o.c.pooling [DriverManagerConnectionProviderImpl.java:124] HHH10001001: Connection properties: {password=****, user=sa}
2020-09-21 23:04:57,947 INFO [main] o.h.o.c.pooling [DriverManagerConnectionProviderImpl.java:129] HHH10001003: Autocommit mode: false
2020-09-21 23:04:57,954 INFO [main] o.h.e.j.c.i.DriverManagerConnectionProviderImpl [DriverManagerConnectionProviderImpl.java:239] HHH000115: Hibernate connection pool size: 20 (min=1)
2020-09-21 23:04:58,386 INFO [main] o.h.d.Dialect [Dialect.java:158] HHH000400: Using dialect: org.hibernate.dialect.SQLServer2012Dialect
2020-09-21 23:04:59,906 INFO [main] o.h.o.c.access [DdlTransactionIsolatorNonJtaImpl.java:47] HHH10001501: Connection obtained from JdbcConnectionAccess [org.hibernate.engine.jdbc.env.internal.JdbcEnvironmentInitiator$ConnectionProviderJdbcConnectionAccess@40709f9] for (non-JTA) DDL execution was not in auto-commit mode; the Connection 'local transaction' will be committed and the Connection will be set into auto-commit mode.
2020-09-21 23:05:00,177 INFO [main] o.h.e.t.j.p.i.JtaPlatformInitiator [JtaPlatformInitiator.java:52] HHH000490: Using JtaPlatform implementation: [org.hibernate.engine.transaction.jta.platform.internal.NoJtaPlatform]
2020-09-21 23:05:00,354 INFO [main] o.e.j.u.log [Log.java:193] Logging initialized @4911ms to org.eclipse.jetty.util.log.Slf4jLog
2020-09-21 23:05:00,426 INFO [main] o.e.j.s.Server [Server.java:374] jetty-9.4.11.v20180605; built: 2018-06-05T18:24:03.829Z; git: d5fc0523cfa96bfebfbda19606cad384d772f04c; jvm 11.0.8+10-LTS
2020-09-21 23:05:00,493 INFO [main] o.e.j.s.AbstractConnector [AbstractConnector.java:289] Started ServerConnector@1a81a899{HTTP/1.1,[http/1.1]}{0.0.0.0:9000}
2020-09-21 23:05:00,494 INFO [main] o.e.j.s.Server [Server.java:411] Started @5051ms
2020-09-21 23:05:51,398 INFO [main] o.h.j.i.u.LogHelper [LogHelper.java:31] HHH000204: Processing PersistenceUnitInfo [name: PERSISTENCE]
2020-09-21 23:05:51,504 INFO [main] o.h.Version [Version.java:46] HHH000412: Hibernate Core {5.4.1.Final}
2020-09-21 23:05:51,878 INFO [main] o.h.a.c.Version [JavaReflectionManager.java:49] HCANN000001: Hibernate Commons Annotations {5.1.0.Final}
2020-09-21 23:05:52,567 WARN [main] o.h.o.c.pooling [DriverManagerConnectionProviderImpl.java:72] HHH10001002: Using Hibernate built-in connection pool (not for production use!)
2020-09-21 23:05:52,709 INFO [main] o.h.o.c.pooling [DriverManagerConnectionProviderImpl.java:115] HHH10001005: using driver [com.microsoft.sqlserver.jdbc.SQLServerDriver] at URL [jdbc:sqlserver://localhost;databaseName=sacchon2]
2020-09-21 23:05:52,710 INFO [main] o.h.o.c.pooling [DriverManagerConnectionProviderImpl.java:124] HHH10001001: Connection properties: {password=****, user=sa}
2020-09-21 23:05:52,711 INFO [main] o.h.o.c.pooling [DriverManagerConnectionProviderImpl.java:129] HHH10001003: Autocommit mode: false
2020-09-21 23:05:52,719 INFO [main] o.h.e.j.c.i.DriverManagerConnectionProviderImpl [DriverManagerConnectionProviderImpl.java:239] HHH000115: Hibernate connection pool size: 20 (min=1)
2020-09-21 23:05:53,093 INFO [main] o.h.d.Dialect [Dialect.java:158] HHH000400: Using dialect: org.hibernate.dialect.SQLServer2012Dialect
2020-09-21 23:05:54,522 INFO [main] o.h.o.c.access [DdlTransactionIsolatorNonJtaImpl.java:47] HHH10001501: Connection obtained from JdbcConnectionAccess [org.hibernate.engine.jdbc.env.internal.JdbcEnvironmentInitiator$ConnectionProviderJdbcConnectionAccess@19c1820d] for (non-JTA) DDL execution was not in auto-commit mode; the Connection 'local transaction' will be committed and the Connection will be set into auto-commit mode.
2020-09-21 23:05:54,799 INFO [main] o.h.e.t.j.p.i.JtaPlatformInitiator [JtaPlatformInitiator.java:52] HHH000490: Using JtaPlatform implementation: [org.hibernate.engine.transaction.jta.platform.internal.NoJtaPlatform]
2020-09-21 23:05:54,979 INFO [main] o.e.j.u.log [Log.java:193] Logging initialized @4779ms to org.eclipse.jetty.util.log.Slf4jLog
2020-09-21 23:05:55,067 INFO [main] o.e.j.s.Server [Server.java:374] jetty-9.4.11.v20180605; built: 2018-06-05T18:24:03.829Z; git: d5fc0523cfa96bfebfbda19606cad384d772f04c; jvm 11.0.8+10-LTS
2020-09-21 23:05:55,138 INFO [main] o.e.j.s.AbstractConnector [AbstractConnector.java:289] Started ServerConnector@60e48b6{HTTP/1.1,[http/1.1]}{0.0.0.0:9000}
2020-09-21 23:05:55,139 INFO [main] o.e.j.s.Server [Server.java:411] Started @4940ms
2020-09-21 23:06:23,863 INFO [main] o.h.j.i.u.LogHelper [LogHelper.java:31] HHH000204: Processing PersistenceUnitInfo [name: PERSISTENCE]
2020-09-21 23:06:23,973 INFO [main] o.h.Version [Version.java:46] HHH000412: Hibernate Core {5.4.1.Final}
2020-09-21 23:06:24,336 INFO [main] o.h.a.c.Version [JavaReflectionManager.java:49] HCANN000001: Hibernate Commons Annotations {5.1.0.Final}
2020-09-21 23:06:24,980 WARN [main] o.h.o.c.pooling [DriverManagerConnectionProviderImpl.java:72] HHH10001002: Using Hibernate built-in connection pool (not for production use!)
2020-09-21 23:06:25,120 INFO [main] o.h.o.c.pooling [DriverManagerConnectionProviderImpl.java:115] HHH10001005: using driver [com.microsoft.sqlserver.jdbc.SQLServerDriver] at URL [jdbc:sqlserver://localhost;databaseName=sacchon2]
2020-09-21 23:06:25,121 INFO [main] o.h.o.c.pooling [DriverManagerConnectionProviderImpl.java:124] HHH10001001: Connection properties: {password=****, user=sa}
2020-09-21 23:06:25,122 INFO [main] o.h.o.c.pooling [DriverManagerConnectionProviderImpl.java:129] HHH10001003: Autocommit mode: false
2020-09-21 23:06:25,126 INFO [main] o.h.e.j.c.i.DriverManagerConnectionProviderImpl [DriverManagerConnectionProviderImpl.java:239] HHH000115: Hibernate connection pool size: 20 (min=1)
2020-09-21 23:06:25,517 INFO [main] o.h.d.Dialect [Dialect.java:158] HHH000400: Using dialect: org.hibernate.dialect.SQLServer2012Dialect
2020-09-21 23:06:26,944 INFO [main] o.h.o.c.access [DdlTransactionIsolatorNonJtaImpl.java:47] HHH10001501: Connection obtained from JdbcConnectionAccess [org.hibernate.engine.jdbc.env.internal.JdbcEnvironmentInitiator$ConnectionProviderJdbcConnectionAccess@3e39baf0] for (non-JTA) DDL execution was not in auto-commit mode; the Connection 'local transaction' will be committed and the Connection will be set into auto-commit mode.
2020-09-21 23:06:27,202 INFO [main] o.h.e.t.j.p.i.JtaPlatformInitiator [JtaPlatformInitiator.java:52] HHH000490: Using JtaPlatform implementation: [org.hibernate.engine.transaction.jta.platform.internal.NoJtaPlatform]
2020-09-21 23:06:27,391 INFO [main] o.e.j.u.log [Log.java:193] Logging initialized @4735ms to org.eclipse.jetty.util.log.Slf4jLog
2020-09-21 23:06:27,453 INFO [main] o.e.j.s.Server [Server.java:374] jetty-9.4.11.v20180605; built: 2018-06-05T18:24:03.829Z; git: d5fc0523cfa96bfebfbda19606cad384d772f04c; jvm 11.0.8+10-LTS
2020-09-21 23:06:27,510 INFO [main] o.e.j.s.AbstractConnector [AbstractConnector.java:289] Started ServerConnector@67e0fd6d{HTTP/1.1,[http/1.1]}{0.0.0.0:9000}
2020-09-21 23:06:27,511 INFO [main] o.e.j.s.Server [Server.java:411] Started @4854ms
